{
  "stats": {
    "suites": 1,
    "tests": 1,
    "passes": 1,
    "pending": 0,
    "failures": 0,
    "start": "2021-12-10T14:02:58.050Z",
    "end": "2021-12-10T14:03:12.438Z",
    "duration": 14388,
    "testsRegistered": 1,
    "passPercent": 100,
    "pendingPercent": 0,
    "other": 0,
    "hasOther": false,
    "skipped": 0,
    "hasSkipped": false
  },
  "results": [
    {
      "uuid": "c3ed3670-4369-4e3b-bec0-2d293a64aa6f",
      "title": "",
      "fullFile": "cypress/integration/examples/Test8.js",
      "file": "cypress/integration/examples/Test8.js",
      "beforeHooks": [],
      "afterHooks": [],
      "tests": [],
      "suites": [
        {
          "uuid": "596a5ca6-75c0-49c8-a7fe-d400cf02d20a",
          "title": "Framework practice",
          "fullFile": "",
          "file": "",
          "beforeHooks": [],
          "afterHooks": [],
          "tests": [
            {
              "title": "Purchase products",
              "fullTitle": "Framework practice Purchase products",
              "timedOut": null,
              "duration": 11292,
              "state": "passed",
              "speed": "slow",
              "pass": true,
              "fail": false,
              "pending": false,
              "context": null,
              "code": "const homePage = new _HomePage.default();\nconst productPage = new _ProductPage.default();\ncy.visit(Cypress.env('url') + '/angularpractice');\nhomePage.getEditBox().type(this.data.name);\nhomePage.getGender().select(this.data.gender);\nhomePage.getTwoWayDataBinding().should('have.value', this.data.name);\nhomePage.getEditBox().should('have.attr', 'minlength', '2');\nhomePage.getEntrepreneur().should('be.disabled');\nhomePage.getEmployed().should('not.be.disabled');\nhomePage.getShopTab().click();\nthis.data.productName.forEach(function (element) {\n  cy.selectProduct(element);\n});\nproductPage.getCheckout().click();\nvar sum = 0;\ncy.get('tr td:nth-child(4) strong').each(($el, index, $list) => {\n  var value = $el.text().split(' ')[1];\n  value.trim();\n  sum += Number(value);\n}).then(function () {});\ncy.get('h3 strong').then(function (element) {\n  var total = element.text().split(' ')[1].trim();\n  expect(sum).to.be.eq(Number(total));\n});\ncy.contains('Checkout').click(); //for the spec only\nCypress.config(\"defaultCommandTimeout\", 10000);\ncy.get('#country').type('Russia');\ncy.get('.suggestions > ul > li > a').click();\ncy.get('input[id=\"checkbox2\"]').check({\n  force: true\n});\ncy.get('input[type=\"submit\"]').click(); //cy.get('.alert').should('have.text', 'Success! Thank you! Your order will be delivered in next few weeks :-).')\ncy.get('.alert').then(function (element) {\n  const messageText = element.text();\n  expect(messageText.includes('Success! Thank you!')).to.be.true;\n});",
              "err": {},
              "uuid": "7a68ad58-fabc-42b9-b6d4-7b27ca8aec8e",
              "parentUUID": "596a5ca6-75c0-49c8-a7fe-d400cf02d20a",
              "isHook": false,
              "skipped": false
            }
          ],
          "suites": [],
          "passes": [
            "7a68ad58-fabc-42b9-b6d4-7b27ca8aec8e"
          ],
          "failures": [],
          "pending": [],
          "skipped": [],
          "duration": 11292,
          "root": false,
          "rootEmpty": false,
          "_timeout": 2000
        }
      ],
      "passes": [],
      "failures": [],
      "pending": [],
      "skipped": [],
      "duration": 0,
      "root": true,
      "rootEmpty": true,
      "_timeout": 2000
    }
  ],
  "meta": {
    "mocha": {
      "version": "7.0.1"
    },
    "mochawesome": {
      "options": {
        "quiet": false,
        "reportFilename": "mochawesome",
        "saveHtml": true,
        "saveJson": true,
        "consoleReporter": "spec",
        "useInlineDiffs": false,
        "code": true
      },
      "version": "7.0.1"
    },
    "marge": {
      "options": null,
      "version": "6.0.1"
    }
  }
}